c:\users\arun\documents\2016 s1\sp3gdp\common\debug\vc120.pdb
c:\users\arun\documents\2016 s1\sp3gdp\common\debug\vc120.idb
c:\users\arun\documents\2016 s1\sp3gdp\common\debug\mathutility.obj
c:\users\arun\documents\2016 s1\sp3gdp\common\debug\matrixstack.obj
c:\users\arun\documents\2016 s1\sp3gdp\common\debug\mtx44.obj
c:\users\arun\documents\2016 s1\sp3gdp\common\debug\timer.obj
c:\users\arun\documents\2016 s1\sp3gdp\common\debug\vector2.obj
c:\users\arun\documents\2016 s1\sp3gdp\common\debug\vector3.obj
c:\users\arun\documents\2016 s2\ai\assignment\gh\common\debug\vc120.pdb
c:\users\arun\documents\2016 s2\ai\assignment\gh\common\debug\vc120.idb
c:\users\arun\documents\2016 s2\ai\assignment\gh\common\debug\mathutility.obj
c:\users\arun\documents\2016 s2\ai\assignment\gh\common\debug\matrixstack.obj
c:\users\arun\documents\2016 s2\ai\assignment\gh\common\debug\mtx44.obj
c:\users\arun\documents\2016 s2\ai\assignment\gh\common\debug\timer.obj
c:\users\arun\documents\2016 s2\ai\assignment\gh\common\debug\vector2.obj
c:\users\arun\documents\2016 s2\ai\assignment\gh\common\debug\vector3.obj
c:\users\154161c\desktop\ai_assignment1\common\debug\vc120.pdb
c:\users\154161c\desktop\ai_assignment1\common\debug\vc120.idb
c:\users\154161c\desktop\ai_assignment1\common\debug\mathutility.obj
c:\users\154161c\desktop\ai_assignment1\common\debug\matrixstack.obj
c:\users\154161c\desktop\ai_assignment1\common\debug\mtx44.obj
c:\users\154161c\desktop\ai_assignment1\common\debug\timer.obj
c:\users\154161c\desktop\ai_assignment1\common\debug\vector2.obj
c:\users\154161c\desktop\ai_assignment1\common\debug\vector3.obj
c:\users\wm\desktop\aia-master\common\debug\vc120.pdb
c:\users\wm\desktop\aia-master\common\debug\vc120.idb
c:\users\wm\desktop\aia-master\common\debug\mathutility.obj
c:\users\wm\desktop\aia-master\common\debug\matrixstack.obj
c:\users\wm\desktop\aia-master\common\debug\mtx44.obj
c:\users\wm\desktop\aia-master\common\debug\timer.obj
c:\users\wm\desktop\aia-master\common\debug\vector2.obj
c:\users\wm\desktop\aia-master\common\debug\vector3.obj
c:\users\arun\documents\2016 s1\sp3gdp\debug\common.lib
c:\users\arun\documents\2016 s2\ai\assignment\gh\debug\common.lib
c:\users\154161c\desktop\ai_assignment1\debug\common.lib
c:\users\wm\desktop\aia-master\debug\common.lib
c:\users\wm\desktop\aia-master\common\debug\common.tlog\cl.command.1.tlog
c:\users\wm\desktop\aia-master\common\debug\common.tlog\cl.read.1.tlog
c:\users\wm\desktop\aia-master\common\debug\common.tlog\cl.write.1.tlog
c:\users\wm\desktop\aia-master\common\debug\common.tlog\lib-link.read.1.tlog
c:\users\wm\desktop\aia-master\common\debug\common.tlog\lib-link.write.1.tlog
c:\users\wm\desktop\aia-master\common\debug\common.tlog\lib.command.1.tlog
